Listening for transport dt_socket at address: 9555

         ,--.
       ,--.'|
   ,--,:  : |                                           Nacos 1.0.0
,`--.'`|  ' :                       ,---.               Running in cluster mode, All function modules
|   :  :  | |                      '   ,'\   .--.--.    Port: 8848
:   |   \ | :  ,--.--.     ,---.  /   /   | /  /    '   Pid: 19
|   : '  '; | /       \   /     \.   ; ,. :|  :  /`./   Console: http://nacos3:8848/nacos/index.html
'   ' ;.    ;.--.  .-. | /    / ''   | |: :|  :  ;_
|   | | \   | \__\/: . ..    ' / '   | .; : \  \    `.      https://nacos.io
'   : |  ; .' ," .--.; |'   ; :__|   :    |  `----.   \
|   | '`--'  /  /  ,.  |'   | '.'|\   \  /  /  /`--'  /
'   : |     ;  :   .'   \   :    : `----'  '--'.     /
;   |.'     |  ,     .-./\   \  /            `--'---'
'---'        `--`---'     `----'

2019-05-06 08:53:22,773 INFO The server IP list of Nacos is [nacos1:8848, nacos2:8848, nacos3:8848]

2019-05-06 08:53:23,970 INFO Nacos is starting...

2019-05-06 08:53:25,113 INFO Nacos is starting...

2019-05-06 08:53:26,116 INFO Nacos is starting...

2019-05-06 08:53:27,125 INFO Nacos is starting...

2019-05-06 08:53:28,140 INFO Nacos is starting...

2019-05-06 08:53:29,148 INFO Nacos is starting...

2019-05-06 08:53:30,159 INFO Nacos is starting...

2019-05-06 08:53:31,166 INFO Nacos is starting...

2019-05-06 08:53:32,173 INFO Nacos is starting...

2019-05-06 08:53:33,188 INFO Nacos is starting...

2019-05-06 08:53:34,196 INFO Nacos is starting...

2019-05-06 08:53:35,209 INFO Nacos is starting...

2019-05-06 08:53:36,209 INFO Nacos is starting...

2019-05-06 08:53:37,226 INFO Nacos is starting...

2019-05-06 08:53:38,290 INFO Nacos is starting...

2019-05-06 08:53:39,383 INFO Nacos is starting...

2019-05-06 08:53:40,390 INFO Nacos is starting...

2019-05-06 08:53:41,404 INFO Nacos is starting...

2019-05-06 08:53:42,440 INFO Nacos is starting...

2019-05-06 08:53:43,443 INFO Nacos is starting...

2019-05-06 08:53:44,460 INFO Nacos is starting...

2019-05-06 08:53:45,506 INFO Nacos is starting...

2019-05-06 08:53:46,536 INFO Nacos is starting...

2019-05-06 08:53:47,632 INFO Nacos is starting...

2019-05-06 08:53:48,680 INFO Nacos is starting...

2019-05-06 08:53:49,696 INFO Nacos is starting...

2019-05-06 08:53:50,727 INFO Nacos is starting...

2019-05-06 08:53:51,818 INFO Nacos is starting...

2019-05-06 08:53:52,821 INFO Nacos is starting...

2019-05-06 08:53:53,834 INFO Nacos is starting...

2019-05-06 08:53:54,877 INFO Nacos is starting...

2019-05-06 08:53:57,052 INFO Nacos is starting...

2019-05-06 08:53:58,059 INFO Nacos is starting...

2019-05-06 08:53:59,065 INFO Nacos is starting...

2019-05-06 08:54:00,073 INFO Nacos is starting...

2019-05-06 08:54:01,084 INFO Nacos is starting...

2019-05-06 08:54:02,092 INFO Nacos is starting...

2019-05-06 08:54:03,100 INFO Nacos is starting...

2019-05-06 08:54:04,108 INFO Nacos is starting...

2019-05-06 08:54:05,127 INFO Nacos is starting...

2019-05-06 08:54:06,135 INFO Nacos is starting...

2019-05-06 08:54:07,147 INFO Nacos is starting...

2019-05-06 08:54:08,154 INFO Nacos is starting...

2019-05-06 08:54:09,160 INFO Nacos is starting...

2019-05-06 08:54:10,174 INFO Nacos is starting...

2019-05-06 08:54:11,182 INFO Nacos is starting...

2019-05-06 08:54:12,185 INFO Nacos is starting...

2019-05-06 08:54:13,191 INFO Nacos is starting...

2019-05-06 08:54:14,195 INFO Nacos is starting...

2019-05-06 08:54:15,209 INFO Nacos is starting...

2019-05-06 08:54:16,218 INFO Nacos is starting...

2019-05-06 08:54:17,223 INFO Nacos is starting...

2019-05-06 08:54:18,242 INFO Nacos is starting...

2019-05-06 08:54:19,254 INFO Nacos is starting...

2019-05-06 08:54:20,255 INFO Nacos is starting...

2019-05-06 08:54:21,257 INFO Nacos is starting...

2019-05-06 08:54:22,268 INFO Nacos is starting...

2019-05-06 08:54:23,273 INFO Nacos is starting...

2019-05-06 08:54:24,283 INFO Nacos is starting...

2019-05-06 08:54:25,287 INFO Nacos is starting...

2019-05-06 08:54:26,294 INFO Nacos is starting...

2019-05-06 08:54:27,297 INFO Nacos is starting...

2019-05-06 08:54:28,303 INFO Nacos is starting...

2019-05-06 08:54:29,311 INFO Nacos is starting...

2019-05-06 08:54:30,329 INFO Nacos is starting...

2019-05-06 08:54:31,342 INFO Nacos is starting...

2019-05-06 08:54:32,356 INFO Nacos is starting...

2019-05-06 08:54:33,358 INFO Nacos is starting...

2019-05-06 08:54:34,361 INFO Nacos is starting...

2019-05-06 08:54:35,365 INFO Nacos is starting...

2019-05-06 08:54:36,379 INFO Nacos is starting...

2019-05-06 08:54:37,383 INFO Nacos is starting...

2019-05-06 08:54:38,396 INFO Nacos is starting...

2019-05-06 08:54:39,408 INFO Nacos is starting...

2019-05-06 08:54:40,418 INFO Nacos is starting...

2019-05-06 08:54:41,419 INFO Nacos is starting...

2019-05-06 08:54:42,431 INFO Nacos is starting...

2019-05-06 08:54:43,447 INFO Nacos is starting...

2019-05-06 08:54:44,457 INFO Nacos is starting...

2019-05-06 08:54:45,458 INFO Nacos is starting...

2019-05-06 08:54:46,465 INFO Nacos is starting...

2019-05-06 08:54:47,469 INFO Nacos is starting...

2019-05-06 08:54:48,478 INFO Nacos is starting...

2019-05-06 08:54:49,494 INFO Nacos is starting...

2019-05-06 08:54:50,503 INFO Nacos is starting...

2019-05-06 08:54:51,508 INFO Nacos is starting...

2019-05-06 08:54:52,522 INFO Nacos is starting...

2019-05-06 08:54:53,524 INFO Nacos is starting...

2019-05-06 08:54:54,538 INFO Nacos is starting...

2019-05-06 08:54:55,540 INFO Nacos is starting...

2019-05-06 08:54:56,548 INFO Nacos is starting...

2019-05-06 08:54:57,548 INFO Nacos is starting...

2019-05-06 08:54:58,553 INFO Nacos is starting...

2019-05-06 08:54:59,563 INFO Nacos is starting...

2019-05-06 08:55:00,573 INFO Nacos is starting...

2019-05-06 08:55:01,587 INFO Nacos is starting...

2019-05-06 08:55:02,593 INFO Nacos is starting...

2019-05-06 08:55:03,607 INFO Nacos is starting...

2019-05-06 08:55:04,619 INFO Nacos is starting...

2019-05-06 08:55:05,633 INFO Nacos is starting...

2019-05-06 08:55:06,652 INFO Nacos is starting...

2019-05-06 08:55:07,657 INFO Nacos is starting...

2019-05-06 08:55:08,668 INFO Nacos is starting...

2019-05-06 08:55:09,720 INFO Nacos is starting...

2019-05-06 08:55:10,736 INFO Nacos is starting...

2019-05-06 08:55:11,740 INFO Nacos is starting...

2019-05-06 08:55:12,747 INFO Nacos is starting...

2019-05-06 08:55:13,757 INFO Nacos is starting...

2019-05-06 08:55:14,763 INFO Nacos is starting...

2019-05-06 08:55:15,773 INFO Nacos is starting...

2019-05-06 08:55:16,786 INFO Nacos is starting...

2019-05-06 08:55:17,804 INFO Nacos is starting...

2019-05-06 08:55:18,809 INFO Nacos is starting...

2019-05-06 08:55:20,384 INFO Nacos is starting...

2019-05-06 08:55:21,399 INFO Nacos is starting...

2019-05-06 08:55:22,413 INFO Nacos is starting...

2019-05-06 08:55:23,428 INFO Nacos is starting...

2019-05-06 08:55:24,435 INFO Nacos is starting...

2019-05-06 08:55:25,448 INFO Nacos is starting...

2019-05-06 08:55:26,457 INFO Nacos is starting...

2019-05-06 08:55:27,467 INFO Nacos is starting...

2019-05-06 08:55:28,468 INFO Nacos is starting...

2019-05-06 08:55:29,471 INFO Nacos is starting...

2019-05-06 08:55:30,472 INFO Nacos is starting...

2019-05-06 08:55:31,480 INFO Nacos is starting...

2019-05-06 08:55:32,484 INFO Nacos is starting...

2019-05-06 08:55:33,513 INFO Nacos is starting...

2019-05-06 08:55:34,526 INFO Nacos is starting...

2019-05-06 08:55:35,536 INFO Nacos is starting...

2019-05-06 08:55:36,540 INFO Nacos is starting...

2019-05-06 08:55:37,550 INFO Nacos is starting...

2019-05-06 08:55:38,556 INFO Nacos is starting...

2019-05-06 08:55:39,571 INFO Nacos is starting...

2019-05-06 08:55:40,586 INFO Nacos is starting...

2019-05-06 08:55:41,622 INFO Nacos is starting...

2019-05-06 08:55:42,626 INFO Nacos is starting...

2019-05-06 08:55:43,636 INFO Nacos is starting...

2019-05-06 08:55:44,644 INFO Nacos is starting...

2019-05-06 08:55:45,644 INFO Nacos is starting...

2019-05-06 08:55:46,649 INFO Nacos is starting...

2019-05-06 08:55:47,656 INFO Nacos is starting...

2019-05-06 08:55:48,656 INFO Nacos is starting...

2019-05-06 08:55:49,663 INFO Nacos is starting...

2019-05-06 08:55:50,664 INFO Nacos is starting...

2019-05-06 08:55:51,668 INFO Nacos is starting...

2019-05-06 08:55:52,678 INFO Nacos is starting...

2019-05-06 08:55:53,026 INFO Nacos Log files: /home/nacos/logs/

2019-05-06 08:55:53,026 INFO Nacos Conf files: /home/nacos/conf/

2019-05-06 08:55:53,026 INFO Nacos Data files: /home/nacos/data/

2019-05-06 08:55:53,027 INFO Nacos started successfully in cluster mode.

