Listening for transport dt_socket at address: 9555

         ,--.
       ,--.'|
   ,--,:  : |                                           Nacos 1.0.0
,`--.'`|  ' :                       ,---.               Running in cluster mode, All function modules
|   :  :  | |                      '   ,'\   .--.--.    Port: 8848
:   |   \ | :  ,--.--.     ,---.  /   /   | /  /    '   Pid: 19
|   : '  '; | /       \   /     \.   ; ,. :|  :  /`./   Console: http://nacos2:8848/nacos/index.html
'   ' ;.    ;.--.  .-. | /    / ''   | |: :|  :  ;_
|   | | \   | \__\/: . ..    ' / '   | .; : \  \    `.      https://nacos.io
'   : |  ; .' ," .--.; |'   ; :__|   :    |  `----.   \
|   | '`--'  /  /  ,.  |'   | '.'|\   \  /  /  /`--'  /
'   : |     ;  :   .'   \   :    : `----'  '--'.     /
;   |.'     |  ,     .-./\   \  /            `--'---'
'---'        `--`---'     `----'

2019-05-06 08:53:26,435 INFO The server IP list of Nacos is [nacos1:8848, nacos2:8848, nacos3:8848]

2019-05-06 08:53:27,603 INFO Nacos is starting...

2019-05-06 08:53:28,784 INFO Nacos is starting...

2019-05-06 08:53:29,787 INFO Nacos is starting...

2019-05-06 08:53:30,798 INFO Nacos is starting...

2019-05-06 08:53:31,801 INFO Nacos is starting...

2019-05-06 08:53:32,805 INFO Nacos is starting...

2019-05-06 08:53:33,824 INFO Nacos is starting...

2019-05-06 08:53:34,827 INFO Nacos is starting...

2019-05-06 08:53:35,836 INFO Nacos is starting...

2019-05-06 08:53:36,843 INFO Nacos is starting...

2019-05-06 08:53:37,844 INFO Nacos is starting...

2019-05-06 08:53:38,847 INFO Nacos is starting...

2019-05-06 08:53:39,865 INFO Nacos is starting...

2019-05-06 08:53:40,875 INFO Nacos is starting...

2019-05-06 08:53:41,894 INFO Nacos is starting...

2019-05-06 08:53:42,946 INFO Nacos is starting...

2019-05-06 08:53:43,987 INFO Nacos is starting...

2019-05-06 08:53:45,018 INFO Nacos is starting...

2019-05-06 08:53:46,024 INFO Nacos is starting...

2019-05-06 08:53:47,177 INFO Nacos is starting...

2019-05-06 08:53:48,177 INFO Nacos is starting...

2019-05-06 08:53:49,179 INFO Nacos is starting...

2019-05-06 08:53:50,247 INFO Nacos is starting...

2019-05-06 08:53:51,298 INFO Nacos is starting...

2019-05-06 08:53:52,326 INFO Nacos is starting...

2019-05-06 08:53:53,390 INFO Nacos is starting...

2019-05-06 08:53:54,392 INFO Nacos is starting...

2019-05-06 08:53:55,395 INFO Nacos is starting...

2019-05-06 08:53:56,412 INFO Nacos is starting...

2019-05-06 08:53:57,439 INFO Nacos is starting...

2019-05-06 08:53:58,443 INFO Nacos is starting...

2019-05-06 08:54:00,531 INFO Nacos is starting...

2019-05-06 08:54:01,541 INFO Nacos is starting...

2019-05-06 08:54:02,547 INFO Nacos is starting...

2019-05-06 08:54:03,549 INFO Nacos is starting...

2019-05-06 08:54:04,554 INFO Nacos is starting...

2019-05-06 08:54:05,556 INFO Nacos is starting...

2019-05-06 08:54:06,566 INFO Nacos is starting...

2019-05-06 08:54:07,579 INFO Nacos is starting...

2019-05-06 08:54:08,582 INFO Nacos is starting...

2019-05-06 08:54:09,584 INFO Nacos is starting...

2019-05-06 08:54:10,591 INFO Nacos is starting...

2019-05-06 08:54:11,604 INFO Nacos is starting...

2019-05-06 08:54:12,606 INFO Nacos is starting...

2019-05-06 08:54:13,611 INFO Nacos is starting...

2019-05-06 08:54:14,620 INFO Nacos is starting...

2019-05-06 08:54:15,639 INFO Nacos is starting...

2019-05-06 08:54:16,642 INFO Nacos is starting...

2019-05-06 08:54:17,643 INFO Nacos is starting...

2019-05-06 08:54:18,653 INFO Nacos is starting...

2019-05-06 08:54:19,660 INFO Nacos is starting...

2019-05-06 08:54:20,668 INFO Nacos is starting...

2019-05-06 08:54:21,670 INFO Nacos is starting...

2019-05-06 08:54:22,676 INFO Nacos is starting...

2019-05-06 08:54:23,683 INFO Nacos is starting...

2019-05-06 08:54:24,694 INFO Nacos is starting...

2019-05-06 08:54:25,704 INFO Nacos is starting...

2019-05-06 08:54:26,709 INFO Nacos is starting...

2019-05-06 08:54:27,720 INFO Nacos is starting...

2019-05-06 08:54:28,746 INFO Nacos is starting...

2019-05-06 08:54:29,752 INFO Nacos is starting...

2019-05-06 08:54:30,796 INFO Nacos is starting...

2019-05-06 08:54:31,803 INFO Nacos is starting...

2019-05-06 08:54:32,807 INFO Nacos is starting...

2019-05-06 08:54:33,813 INFO Nacos is starting...

2019-05-06 08:54:34,815 INFO Nacos is starting...

2019-05-06 08:54:35,819 INFO Nacos is starting...

2019-05-06 08:54:36,825 INFO Nacos is starting...

2019-05-06 08:54:37,828 INFO Nacos is starting...

2019-05-06 08:54:38,831 INFO Nacos is starting...

2019-05-06 08:54:39,845 INFO Nacos is starting...

2019-05-06 08:54:40,851 INFO Nacos is starting...

2019-05-06 08:54:41,868 INFO Nacos is starting...

2019-05-06 08:54:42,878 INFO Nacos is starting...

2019-05-06 08:54:43,886 INFO Nacos is starting...

2019-05-06 08:54:44,899 INFO Nacos is starting...

2019-05-06 08:54:45,905 INFO Nacos is starting...

2019-05-06 08:54:46,906 INFO Nacos is starting...

2019-05-06 08:54:47,918 INFO Nacos is starting...

2019-05-06 08:54:48,928 INFO Nacos is starting...

2019-05-06 08:54:49,970 INFO Nacos is starting...

2019-05-06 08:54:50,971 INFO Nacos is starting...

2019-05-06 08:54:51,972 INFO Nacos is starting...

2019-05-06 08:54:52,979 INFO Nacos is starting...

2019-05-06 08:54:53,992 INFO Nacos is starting...

2019-05-06 08:54:55,004 INFO Nacos is starting...

2019-05-06 08:54:56,053 INFO Nacos is starting...

2019-05-06 08:54:57,055 INFO Nacos is starting...

2019-05-06 08:54:58,198 INFO Nacos is starting...

2019-05-06 08:54:59,208 INFO Nacos is starting...

2019-05-06 08:55:00,220 INFO Nacos is starting...

2019-05-06 08:55:01,245 INFO Nacos is starting...

2019-05-06 08:55:02,256 INFO Nacos is starting...

2019-05-06 08:55:03,266 INFO Nacos is starting...

2019-05-06 08:55:04,275 INFO Nacos is starting...

2019-05-06 08:55:05,284 INFO Nacos is starting...

2019-05-06 08:55:06,286 INFO Nacos is starting...

2019-05-06 08:55:07,290 INFO Nacos is starting...

2019-05-06 08:55:08,296 INFO Nacos is starting...

2019-05-06 08:55:09,308 INFO Nacos is starting...

2019-05-06 08:55:10,316 INFO Nacos is starting...

2019-05-06 08:55:11,320 INFO Nacos is starting...

2019-05-06 08:55:12,324 INFO Nacos is starting...

2019-05-06 08:55:13,329 INFO Nacos is starting...

2019-05-06 08:55:14,338 INFO Nacos is starting...

2019-05-06 08:55:15,344 INFO Nacos is starting...

2019-05-06 08:55:16,347 INFO Nacos is starting...

2019-05-06 08:55:17,354 INFO Nacos is starting...

2019-05-06 08:55:18,368 INFO Nacos is starting...

2019-05-06 08:55:19,372 INFO Nacos is starting...

2019-05-06 08:55:20,376 INFO Nacos is starting...

2019-05-06 08:55:21,382 INFO Nacos is starting...

2019-05-06 08:55:22,384 INFO Nacos is starting...

2019-05-06 08:55:23,387 INFO Nacos is starting...

2019-05-06 08:55:24,389 INFO Nacos is starting...

2019-05-06 08:55:25,407 INFO Nacos is starting...

2019-05-06 08:55:26,408 INFO Nacos is starting...

2019-05-06 08:55:27,417 INFO Nacos is starting...

2019-05-06 08:55:29,159 INFO Nacos is starting...

2019-05-06 08:55:30,162 INFO Nacos is starting...

2019-05-06 08:55:31,192 INFO Nacos is starting...

2019-05-06 08:55:32,204 INFO Nacos is starting...

2019-05-06 08:55:33,208 INFO Nacos is starting...

2019-05-06 08:55:34,212 INFO Nacos is starting...

2019-05-06 08:55:35,223 INFO Nacos is starting...

2019-05-06 08:55:36,266 INFO Nacos is starting...

2019-05-06 08:55:37,308 INFO Nacos is starting...

2019-05-06 08:55:38,314 INFO Nacos is starting...

2019-05-06 08:55:39,334 INFO Nacos is starting...

2019-05-06 08:55:40,346 INFO Nacos is starting...

2019-05-06 08:55:41,358 INFO Nacos is starting...

2019-05-06 08:55:42,379 INFO Nacos is starting...

2019-05-06 08:55:43,385 INFO Nacos is starting...

2019-05-06 08:55:44,394 INFO Nacos is starting...

2019-05-06 08:55:45,396 INFO Nacos is starting...

2019-05-06 08:55:46,411 INFO Nacos is starting...

2019-05-06 08:55:47,423 INFO Nacos is starting...

2019-05-06 08:55:48,424 INFO Nacos is starting...

2019-05-06 08:55:49,427 INFO Nacos is starting...

2019-05-06 08:55:50,437 INFO Nacos is starting...

2019-05-06 08:55:51,441 INFO Nacos is starting...

2019-05-06 08:55:52,447 INFO Nacos is starting...

2019-05-06 08:55:53,456 INFO Nacos is starting...

2019-05-06 08:55:54,467 INFO Nacos is starting...

2019-05-06 08:55:55,484 INFO Nacos is starting...

2019-05-06 08:55:56,542 INFO Nacos is starting...

2019-05-06 08:55:57,550 INFO Nacos is starting...

2019-05-06 08:55:58,217 INFO Nacos Log files: /home/nacos/logs/

2019-05-06 08:55:58,217 INFO Nacos Conf files: /home/nacos/conf/

2019-05-06 08:55:58,218 INFO Nacos Data files: /home/nacos/data/

2019-05-06 08:55:58,218 INFO Nacos started successfully in cluster mode.

