Listening for transport dt_socket at address: 9555

         ,--.
       ,--.'|
   ,--,:  : |                                           Nacos 1.0.0
,`--.'`|  ' :                       ,---.               Running in cluster mode, All function modules
|   :  :  | |                      '   ,'\   .--.--.    Port: 8848
:   |   \ | :  ,--.--.     ,---.  /   /   | /  /    '   Pid: 19
|   : '  '; | /       \   /     \.   ; ,. :|  :  /`./   Console: http://nacos1:8848/nacos/index.html
'   ' ;.    ;.--.  .-. | /    / ''   | |: :|  :  ;_
|   | | \   | \__\/: . ..    ' / '   | .; : \  \    `.      https://nacos.io
'   : |  ; .' ," .--.; |'   ; :__|   :    |  `----.   \
|   | '`--'  /  /  ,.  |'   | '.'|\   \  /  /  /`--'  /
'   : |     ;  :   .'   \   :    : `----'  '--'.     /
;   |.'     |  ,     .-./\   \  /            `--'---'
'---'        `--`---'     `----'

2019-05-06 08:53:33,659 INFO The server IP list of Nacos is [nacos1:8848, nacos2:8848, nacos3:8848]

2019-05-06 08:53:35,021 INFO Nacos is starting...

2019-05-06 08:53:36,104 INFO Nacos is starting...

2019-05-06 08:53:37,125 INFO Nacos is starting...

2019-05-06 08:53:38,179 INFO Nacos is starting...

2019-05-06 08:53:39,244 INFO Nacos is starting...

2019-05-06 08:53:40,249 INFO Nacos is starting...

2019-05-06 08:53:41,267 INFO Nacos is starting...

2019-05-06 08:53:42,276 INFO Nacos is starting...

2019-05-06 08:53:43,285 INFO Nacos is starting...

2019-05-06 08:53:44,304 INFO Nacos is starting...

2019-05-06 08:53:45,312 INFO Nacos is starting...

2019-05-06 08:53:46,324 INFO Nacos is starting...

2019-05-06 08:53:47,327 INFO Nacos is starting...

2019-05-06 08:53:48,337 INFO Nacos is starting...

2019-05-06 08:53:49,357 INFO Nacos is starting...

2019-05-06 08:53:50,362 INFO Nacos is starting...

2019-05-06 08:53:51,467 INFO Nacos is starting...

2019-05-06 08:53:52,469 INFO Nacos is starting...

2019-05-06 08:53:53,480 INFO Nacos is starting...

2019-05-06 08:53:54,507 INFO Nacos is starting...

2019-05-06 08:53:55,511 INFO Nacos is starting...

2019-05-06 08:53:56,567 INFO Nacos is starting...

2019-05-06 08:53:57,582 INFO Nacos is starting...

2019-05-06 08:53:58,597 INFO Nacos is starting...

2019-05-06 08:53:59,606 INFO Nacos is starting...

2019-05-06 08:54:00,664 INFO Nacos is starting...

2019-05-06 08:54:01,673 INFO Nacos is starting...

2019-05-06 08:54:02,724 INFO Nacos is starting...

2019-05-06 08:54:03,732 INFO Nacos is starting...

2019-05-06 08:54:04,740 INFO Nacos is starting...

2019-05-06 08:54:05,749 INFO Nacos is starting...

2019-05-06 08:54:06,757 INFO Nacos is starting...

2019-05-06 08:54:07,813 INFO Nacos is starting...

2019-05-06 08:54:08,815 INFO Nacos is starting...

2019-05-06 08:54:09,826 INFO Nacos is starting...

2019-05-06 08:54:10,828 INFO Nacos is starting...

2019-05-06 08:54:11,832 INFO Nacos is starting...

2019-05-06 08:54:12,840 INFO Nacos is starting...

2019-05-06 08:54:13,841 INFO Nacos is starting...

2019-05-06 08:54:14,854 INFO Nacos is starting...

2019-05-06 08:54:15,863 INFO Nacos is starting...

2019-05-06 08:54:16,875 INFO Nacos is starting...

2019-05-06 08:54:17,879 INFO Nacos is starting...

2019-05-06 08:54:18,884 INFO Nacos is starting...

2019-05-06 08:54:19,888 INFO Nacos is starting...

2019-05-06 08:54:21,175 INFO Nacos is starting...

2019-05-06 08:54:22,176 INFO Nacos is starting...

2019-05-06 08:54:23,184 INFO Nacos is starting...

2019-05-06 08:54:24,201 INFO Nacos is starting...

2019-05-06 08:54:25,202 INFO Nacos is starting...

2019-05-06 08:54:26,203 INFO Nacos is starting...

2019-05-06 08:54:27,210 INFO Nacos is starting...

2019-05-06 08:54:28,220 INFO Nacos is starting...

2019-05-06 08:54:29,224 INFO Nacos is starting...

2019-05-06 08:54:30,231 INFO Nacos is starting...

2019-05-06 08:54:31,264 INFO Nacos is starting...

2019-05-06 08:54:32,295 INFO Nacos is starting...

2019-05-06 08:54:33,314 INFO Nacos is starting...

2019-05-06 08:54:34,352 INFO Nacos is starting...

2019-05-06 08:54:35,440 INFO Nacos is starting...

2019-05-06 08:54:36,445 INFO Nacos is starting...

2019-05-06 08:54:37,526 INFO Nacos is starting...

2019-05-06 08:54:38,535 INFO Nacos is starting...

2019-05-06 08:54:39,544 INFO Nacos is starting...

2019-05-06 08:54:40,550 INFO Nacos is starting...

2019-05-06 08:54:41,553 INFO Nacos is starting...

2019-05-06 08:54:42,553 INFO Nacos is starting...

2019-05-06 08:54:43,560 INFO Nacos is starting...

2019-05-06 08:54:44,569 INFO Nacos is starting...

2019-05-06 08:54:45,580 INFO Nacos is starting...

2019-05-06 08:54:46,594 INFO Nacos is starting...

2019-05-06 08:54:47,634 INFO Nacos is starting...

2019-05-06 08:54:48,646 INFO Nacos is starting...

2019-05-06 08:54:49,650 INFO Nacos is starting...

2019-05-06 08:54:50,656 INFO Nacos is starting...

2019-05-06 08:54:51,668 INFO Nacos is starting...

2019-05-06 08:54:52,678 INFO Nacos is starting...

2019-05-06 08:54:53,703 INFO Nacos is starting...

2019-05-06 08:54:54,751 INFO Nacos is starting...

2019-05-06 08:54:55,800 INFO Nacos is starting...

2019-05-06 08:54:56,869 INFO Nacos is starting...

2019-05-06 08:54:57,898 INFO Nacos is starting...

2019-05-06 08:54:58,899 INFO Nacos is starting...

2019-05-06 08:54:59,902 INFO Nacos is starting...

2019-05-06 08:55:00,906 INFO Nacos is starting...

2019-05-06 08:55:01,908 INFO Nacos is starting...

2019-05-06 08:55:02,927 INFO Nacos is starting...

2019-05-06 08:55:03,939 INFO Nacos is starting...

2019-05-06 08:55:04,945 INFO Nacos is starting...

2019-05-06 08:55:05,949 INFO Nacos is starting...

2019-05-06 08:55:06,952 INFO Nacos is starting...

2019-05-06 08:55:07,956 INFO Nacos is starting...

2019-05-06 08:55:08,966 INFO Nacos is starting...

2019-05-06 08:55:09,977 INFO Nacos is starting...

2019-05-06 08:55:10,988 INFO Nacos is starting...

2019-05-06 08:55:11,993 INFO Nacos is starting...

2019-05-06 08:55:13,001 INFO Nacos is starting...

2019-05-06 08:55:14,015 INFO Nacos is starting...

2019-05-06 08:55:15,033 INFO Nacos is starting...

2019-05-06 08:55:16,034 INFO Nacos is starting...

2019-05-06 08:55:17,053 INFO Nacos is starting...

2019-05-06 08:55:18,065 INFO Nacos is starting...

2019-05-06 08:55:19,073 INFO Nacos is starting...

2019-05-06 08:55:20,077 INFO Nacos is starting...

2019-05-06 08:55:21,080 INFO Nacos is starting...

2019-05-06 08:55:22,085 INFO Nacos is starting...

2019-05-06 08:55:23,089 INFO Nacos is starting...

2019-05-06 08:55:24,092 INFO Nacos is starting...

2019-05-06 08:55:25,109 INFO Nacos is starting...

2019-05-06 08:55:26,112 INFO Nacos is starting...

2019-05-06 08:55:27,118 INFO Nacos is starting...

2019-05-06 08:55:28,128 INFO Nacos is starting...

2019-05-06 08:55:29,141 INFO Nacos is starting...

2019-05-06 08:55:30,145 INFO Nacos is starting...

2019-05-06 08:55:31,146 INFO Nacos is starting...

2019-05-06 08:55:32,152 INFO Nacos is starting...

2019-05-06 08:55:33,158 INFO Nacos is starting...

2019-05-06 08:55:34,163 INFO Nacos is starting...

2019-05-06 08:55:35,170 INFO Nacos is starting...

2019-05-06 08:55:36,172 INFO Nacos is starting...

2019-05-06 08:55:37,176 INFO Nacos is starting...

2019-05-06 08:55:38,186 INFO Nacos is starting...

2019-05-06 08:55:39,192 INFO Nacos is starting...

2019-05-06 08:55:40,201 INFO Nacos is starting...

2019-05-06 08:55:41,211 INFO Nacos is starting...

2019-05-06 08:55:42,215 INFO Nacos is starting...

2019-05-06 08:55:43,218 INFO Nacos is starting...

2019-05-06 08:55:44,220 INFO Nacos is starting...

2019-05-06 08:55:45,224 INFO Nacos is starting...

2019-05-06 08:55:46,225 INFO Nacos is starting...

2019-05-06 08:55:47,239 INFO Nacos is starting...

2019-05-06 08:55:48,249 INFO Nacos is starting...

2019-05-06 08:55:49,257 INFO Nacos is starting...

2019-05-06 08:55:50,266 INFO Nacos is starting...

2019-05-06 08:55:51,273 INFO Nacos is starting...

2019-05-06 08:55:52,276 INFO Nacos is starting...

2019-05-06 08:55:53,283 INFO Nacos is starting...

2019-05-06 08:55:54,285 INFO Nacos is starting...

2019-05-06 08:55:55,292 INFO Nacos is starting...

2019-05-06 08:55:56,295 INFO Nacos is starting...

2019-05-06 08:55:57,303 INFO Nacos is starting...

2019-05-06 08:55:58,307 INFO Nacos is starting...

2019-05-06 08:55:59,308 INFO Nacos is starting...

2019-05-06 08:56:00,313 INFO Nacos is starting...

2019-05-06 08:56:01,323 INFO Nacos is starting...

2019-05-06 08:56:02,330 INFO Nacos is starting...

2019-05-06 08:56:03,338 INFO Nacos is starting...

2019-05-06 08:56:05,057 INFO Nacos is starting...

2019-05-06 08:56:06,058 INFO Nacos is starting...

2019-05-06 08:56:07,088 INFO Nacos is starting...

2019-05-06 08:56:08,099 INFO Nacos is starting...

2019-05-06 08:56:09,111 INFO Nacos is starting...

2019-05-06 08:56:10,118 INFO Nacos is starting...

2019-05-06 08:56:11,120 INFO Nacos is starting...

2019-05-06 08:56:12,123 INFO Nacos is starting...

2019-05-06 08:56:13,126 INFO Nacos is starting...

2019-05-06 08:56:14,130 INFO Nacos is starting...

2019-05-06 08:56:15,138 INFO Nacos is starting...

2019-05-06 08:56:16,140 INFO Nacos is starting...

2019-05-06 08:56:17,142 INFO Nacos is starting...

2019-05-06 08:56:18,153 INFO Nacos is starting...

2019-05-06 08:56:19,165 INFO Nacos is starting...

2019-05-06 08:56:20,166 INFO Nacos is starting...

2019-05-06 08:56:21,171 INFO Nacos is starting...

2019-05-06 08:56:22,174 INFO Nacos is starting...

2019-05-06 08:56:22,449 INFO Nacos Log files: /home/nacos/logs/

2019-05-06 08:56:22,449 INFO Nacos Conf files: /home/nacos/conf/

2019-05-06 08:56:22,449 INFO Nacos Data files: /home/nacos/data/

2019-05-06 08:56:22,449 INFO Nacos started successfully in cluster mode.

